<?xml version="1.0" encoding="UTF-8"?>
<!-- Generated by org.testng.reporters.JUnitXMLReporter -->
<testsuite ignored="0" hostname="ATMECSINLT-601" failures="0" tests="2" name="Default test" time="51.701" errors="0" timestamp="2020-09-16T19:33:55 IST">
  <testcase classname="com.atmecs.assignments.Selenium.Assignment3_Travel" name="twoWayTripSelectionTest" time="19.467"/>
  <testcase classname="com.atmecs.assignments.Selenium.Assignment3_Travel" name="handlingWindowTest" time="18.654"/>
</testsuite> <!-- Default test -->
