<?xml version="1.0" encoding="UTF-8"?>
<!-- Generated by org.testng.reporters.JUnitXMLReporter -->
<testsuite ignored="0" hostname="ATMECSINLT-601" failures="0" tests="4" name="Default test" time="31.349" errors="0" timestamp="2020-09-13T15:36:37 IST">
  <testcase classname="com.atmecs.assignments.Selenium.Assignment2" name="signUpTest" time="3.475"/>
  <testcase classname="com.atmecs.assignments.Selenium.Assignment2" name="logInTest" time="2.368"/>
  <testcase classname="com.atmecs.assignments.Selenium.Assignment2" name="selectAndAddToCartProduct" time="14.323"/>
  <testcase classname="com.atmecs.assignments.Selenium.Assignment2" name="contactUsScript" time="2.551"/>
</testsuite> <!-- Default test -->
