<?xml version="1.0" encoding="UTF-8"?>
<!-- Generated by org.testng.reporters.JUnitXMLReporter -->
<testsuite ignored="0" hostname="ATMECSINLT-601" failures="0" tests="2" name="Default test" time="21.825" errors="0" timestamp="2020-09-18T19:12:25 IST">
  <testcase classname="com.atmecs.automation.HandlingFramesUsingJavaScriptExecuter.HandlingFramesUsingJS" name="handlingFrameAndClickChatIconTest" time="7.135"/>
  <testcase classname="com.atmecs.automation.HandlingFramesUsingJavaScriptExecuter.HandlingFramesUsingJS" name="fillingRequiredFieldsTest" time="4.287"/>
</testsuite> <!-- Default test -->
