<?xml version="1.0" encoding="UTF-8"?>
<!-- Generated by org.testng.reporters.JUnitXMLReporter -->
<testsuite ignored="0" hostname="ATMECSINLT-601" failures="0" tests="2" name="Default test" time="9.962" errors="0" timestamp="2020-09-10T18:29:22 IST">
  <testcase classname="com.atmecs.assignments.Selenium.Assignmant1" name="settingAndLaunchingDriver" time="5.553"/>
  <testcase classname="com.atmecs.assignments.Selenium.Assignmant1" name="validatingPage" time="0.026"/>
</testsuite> <!-- Default test -->
