<?xml version="1.0" encoding="UTF-8"?>
<!-- Generated by org.testng.reporters.JUnitXMLReporter -->
<testsuite ignored="0" hostname="ATMECSINLT-601" failures="0" tests="4" name="Default test" time="38.756" errors="0" timestamp="2020-09-12T21:33:23 IST">
  <testcase classname="com.atmecs.assignments.Selenium.Assignment2" name="signInTest" time="3.53"/>
  <testcase classname="com.atmecs.assignments.Selenium.Assignment2" name="logInTest" time="2.39"/>
  <testcase classname="com.atmecs.assignments.Selenium.Assignment2" name="selectAndAddToCartProduct" time="18.688"/>
  <testcase classname="com.atmecs.assignments.Selenium.Assignment2" name="contactUsScript" time="2.733"/>
</testsuite> <!-- Default test -->
