<?xml version="1.0" encoding="UTF-8"?>
<!-- Generated by org.testng.reporters.JUnitXMLReporter -->
<testsuite ignored="0" hostname="ATMECSINLT-601" failures="0" tests="2" name="Default test" time="35.871" errors="0" timestamp="2020-09-17T13:55:02 IST">
  <testcase classname="com.atmecs.assignments.Selenium.Assignment4" name="handlingFrameAndClickChatIconTest" time="7.678"/>
  <testcase classname="com.atmecs.assignments.Selenium.Assignment4" name="fillingRequiredFieldsTest" time="17.216"/>
</testsuite> <!-- Default test -->
