<?xml version="1.0" encoding="UTF-8"?>
<!-- Generated by org.testng.reporters.JUnitXMLReporter -->
<testsuite ignored="0" hostname="ATMECSINLT-601" failures="0" tests="3" name="Default test" time="9.992" errors="0" timestamp="2020-09-10T19:50:48 IST">
  <testcase classname="com.atmecs.assignments.Selenium.Assignmant1" name="settingAndLaunchingDriver" time="5.568"/>
  <testcase classname="com.atmecs.assignments.Selenium.Assignmant1" name="gettingAndValidatingUrl" time="0.017"/>
  <testcase classname="com.atmecs.assignments.Selenium.Assignmant1" name="gettingPageTitle" time="0.014"/>
</testsuite> <!-- Default test -->
