<?xml version="1.0" encoding="UTF-8"?>
<!-- Generated by org.testng.reporters.JUnitXMLReporter -->
<testsuite ignored="0" hostname="ATMECSINLT-601" failures="0" tests="2" name="Default test" time="3.695" errors="0" timestamp="2020-09-18T10:19:51 IST">
  <testcase classname="com.atmecs.assignments.Selenium.LocatorTest" name="@BeforeTest settingAndLaunchingDriver" time="3.647">
    <failure type="java.lang.NullPointerException">
      <![CDATA[java.lang.NullPointerException
at com.atmecs.assignments.Selenium.LocatorTest.readDatas(LocatorTest.java:79)
at com.atmecs.assignments.Selenium.LocatorTest.settingAndLaunchingDriver(LocatorTest.java:26)
at java.base/jdk.internal.reflect.NativeMethodAccessorImpl.invoke0(Native Method)
at java.base/jdk.internal.reflect.NativeMethodAccessorImpl.invoke(NativeMethodAccessorImpl.java:62)
at java.base/jdk.internal.reflect.DelegatingMethodAccessorImpl.invoke(DelegatingMethodAccessorImpl.java:43)
at java.base/java.lang.reflect.Method.invoke(Method.java:564)
at org.testng.internal.MethodInvocationHelper.invokeMethod(MethodInvocationHelper.java:135)
at org.testng.internal.MethodInvocationHelper.invokeMethodConsideringTimeout(MethodInvocationHelper.java:64)
at org.testng.internal.ConfigInvoker.invokeConfigurationMethod(ConfigInvoker.java:364)
at org.testng.internal.ConfigInvoker.invokeConfigurations(ConfigInvoker.java:318)
at org.testng.TestRunner.invokeTestConfigurations(TestRunner.java:620)
at org.testng.TestRunner.beforeRun(TestRunner.java:610)
at org.testng.TestRunner.run(TestRunner.java:581)
at org.testng.SuiteRunner.runTest(SuiteRunner.java:384)
at org.testng.SuiteRunner.runSequentially(SuiteRunner.java:378)
at org.testng.SuiteRunner.privateRun(SuiteRunner.java:337)
at org.testng.SuiteRunner.run(SuiteRunner.java:286)
at org.testng.SuiteRunnerWorker.runSuite(SuiteRunnerWorker.java:53)
at org.testng.SuiteRunnerWorker.run(SuiteRunnerWorker.java:96)
at org.testng.TestNG.runSuitesSequentially(TestNG.java:1214)
at org.testng.TestNG.runSuitesLocally(TestNG.java:1136)
at org.testng.TestNG.runSuites(TestNG.java:1066)
at org.testng.TestNG.run(TestNG.java:1034)
at org.testng.remote.AbstractRemoteTestNG.run(AbstractRemoteTestNG.java:115)
at org.testng.remote.RemoteTestNG.initAndRun(RemoteTestNG.java:251)
at org.testng.remote.RemoteTestNG.main(RemoteTestNG.java:77)
]]>
    </failure>
  </testcase> <!-- @BeforeTest settingAndLaunchingDriver -->
  <testcase classname="com.atmecs.assignments.Selenium.LocatorTest" name="@AfterTest closingDriver" time="-1.600404591095E9">
    <skipped/>
  </testcase> <!-- @AfterTest closingDriver -->
  <testcase classname="com.atmecs.assignments.Selenium.LocatorTest" name="handlingFrameAndClickChatIconTest" time="0.0">
    <skipped/>
  </testcase> <!-- handlingFrameAndClickChatIconTest -->
  <testcase classname="com.atmecs.assignments.Selenium.LocatorTest" name="fillingRequiredFieldsTest" time="0.0">
    <skipped/>
  </testcase> <!-- fillingRequiredFieldsTest -->
</testsuite> <!-- Default test -->
