<?xml version="1.0" encoding="UTF-8"?>
<!-- Generated by org.testng.reporters.JUnitXMLReporter -->
<testsuite ignored="0" hostname="ATMECSINLT-601" failures="0" tests="2" name="Default test" time="59.627" errors="0" timestamp="2020-09-16T10:57:02 IST">
  <testcase classname="com.atmecs.assignments.Selenium.Assignment3_Registration" name="registerationTest" time="1.811"/>
  <testcase classname="com.atmecs.assignments.Selenium.Assignment3_Registration" name="windowsHandling" time="12.14"/>
</testsuite> <!-- Default test -->
