<?xml version="1.0" encoding="UTF-8"?>
<!-- Generated by org.testng.reporters.JUnitXMLReporter -->
<testsuite ignored="0" hostname="ATMECSINLT-601" failures="0" tests="2" name="Default test" time="10.771" errors="0" timestamp="2020-09-10T13:39:16 IST">
  <testcase classname="com.atmecs.assignments.Selenium.Assignmant1" name="settingAndLaunchingDriver" time="6.356"/>
  <testcase classname="com.atmecs.assignments.Selenium.Assignmant1" name="validatingPage" time="0.022"/>
</testsuite> <!-- Default test -->
