<?xml version="1.0" encoding="UTF-8"?>
<!-- Generated by org.testng.reporters.JUnitXMLReporter -->
<testsuite ignored="0" hostname="ATMECSINLT-601" failures="0" tests="2" name="Default test" time="25.254" errors="0" timestamp="2020-09-17T15:57:46 IST">
  <testcase classname="com.atmecs.assignments.Selenium.Assignment4" name="handlingFrameAndClickChatIconTest" time="11.329"/>
  <testcase classname="com.atmecs.assignments.Selenium.Assignment4" name="fillingRequiredFieldsTest" time="4.17"/>
</testsuite> <!-- Default test -->
