<?xml version="1.0" encoding="UTF-8"?>
<!-- Generated by org.testng.reporters.JUnitXMLReporter -->
<testsuite ignored="0" hostname="ATMECSINLT-601" failures="0" tests="2" name="Default test" time="25.229" errors="0" timestamp="2020-09-18T10:35:20 IST">
  <testcase classname="com.atmecs.assignments.Selenium.LocatorTest" name="handlingFrameAndClickChatIconTest" time="6.308"/>
  <testcase classname="com.atmecs.assignments.Selenium.LocatorTest" name="fillingRequiredFieldsTest" time="6.169"/>
</testsuite> <!-- Default test -->
