<?xml version="1.0" encoding="UTF-8"?>
<!-- Generated by org.testng.reporters.JUnitXMLReporter -->
<testsuite ignored="0" hostname="ATMECSINLT-601" failures="1" tests="2" name="Test" time="62.347" errors="0" timestamp="2020-09-18T18:55:49 IST">
  <testcase classname="com.atmecs.automation.HandlingFramesUsingJavaScriptExecuter.FillingRequiredFields" name="fillingRequiredFieldsTest" time="43.581">
    <failure type="org.openqa.selenium.NoSuchElementException" message="Cannot locate an element using id=name
For documentation on this error, please visit: https://www.seleniumhq.org/exceptions/no_such_element.html
Build info: version: &amp;apos;3.141.59&amp;apos;, revision: &amp;apos;e82be7d358&amp;apos;, time: &amp;apos;2018-11-14T08:17:03&amp;apos;
System info: host: &amp;apos;ATMECSINLT-601&amp;apos;, ip: &amp;apos;192.168.163.1&amp;apos;, os.name: &amp;apos;Windows 10&amp;apos;, os.arch: &amp;apos;amd64&amp;apos;, os.version: &amp;apos;10.0&amp;apos;, java.version: &amp;apos;14.0.1&amp;apos;
Driver info: driver.version: RemoteWebDriver">
      <![CDATA[org.openqa.selenium.NoSuchElementException: Cannot locate an element using id=name
For documentation on this error, please visit: https://www.seleniumhq.org/exceptions/no_such_element.html
Build info: version: '3.141.59', revision: 'e82be7d358', time: '2018-11-14T08:17:03'
System info: host: 'ATMECSINLT-601', ip: '192.168.163.1', os.name: 'Windows 10', os.arch: 'amd64', os.version: '10.0', java.version: '14.0.1'
Driver info: driver.version: RemoteWebDriver
at org.openqa.selenium.remote.RemoteWebDriver.findElement(RemoteWebDriver.java:327)
at org.openqa.selenium.remote.RemoteWebDriver.findElementById(RemoteWebDriver.java:372)
at org.openqa.selenium.By$ById.findElement(By.java:188)
at org.openqa.selenium.remote.RemoteWebDriver.findElement(RemoteWebDriver.java:315)
at com.atmecs.automation.HandlingFramesUsingJavaScriptExecuter.FillingRequiredFields.fillingRequiredFieldsTest(FillingRequiredFields.java:42)
at java.base/java.util.ArrayList.forEach(ArrayList.java:1510)
... Removed 27 stack frames]]>
    </failure>
  </testcase> <!-- fillingRequiredFieldsTest -->
  <testcase classname="com.atmecs.automation.HandlingFramesUsingJavaScriptExecuter.HandlingChatIconFrameUsingJS" name="handlingFrameAndClickChatIconTest" time="0.227"/>
</testsuite> <!-- Test -->
