<?xml version="1.0" encoding="UTF-8"?>
<!-- Generated by org.testng.reporters.JUnitXMLReporter -->
<testsuite ignored="0" hostname="ATMECSINLT-601" failures="0" tests="2" name="Test" time="63.253" errors="0" timestamp="2020-09-20T11:26:23 IST">
  <testcase classname="com.atmecs.automation.AutomatingTravelSite.SearchingFlights" name="twoWayTripSelectionTest" time="18.788"/>
  <testcase classname="com.atmecs.automation.AutomatingTravelSite.LoginWindowHandling" name="handlingWindowTest" time="18.068"/>
</testsuite> <!-- Test -->
