<?xml version="1.0" encoding="UTF-8"?>
<testng-results ignored="0" total="2" passed="2" failed="0" skipped="0">
  <reporter-output>
  </reporter-output>
  <suite started-at="2020-09-17T15:57:20 IST" name="Default suite" finished-at="2020-09-17T15:57:45 IST" duration-ms="25254">
    <groups>
    </groups>
    <test started-at="2020-09-17T15:57:20 IST" name="Default test" finished-at="2020-09-17T15:57:45 IST" duration-ms="25254">
      <class name="com.atmecs.assignments.Selenium.Assignment4">
        <test-method is-config="true" signature="settingAndLaunchingDriver()[pri:0, instance:com.atmecs.assignments.Selenium.Assignment4@12e61fe6]" started-at="2020-09-17T15:57:20 IST" name="settingAndLaunchingDriver" finished-at="2020-09-17T15:57:29 IST" duration-ms="9093" status="PASS">
          <reporter-output>
          </reporter-output>
        </test-method> <!-- settingAndLaunchingDriver -->
        <test-method signature="handlingFrameAndClickChatIconTest()[pri:1, instance:com.atmecs.assignments.Selenium.Assignment4@12e61fe6]" started-at="2020-09-17T15:57:29 IST" name="handlingFrameAndClickChatIconTest" finished-at="2020-09-17T15:57:41 IST" duration-ms="11329" status="PASS">
          <reporter-output>
          </reporter-output>
        </test-method> <!-- handlingFrameAndClickChatIconTest -->
        <test-method signature="fillingRequiredFieldsTest()[pri:2, instance:com.atmecs.assignments.Selenium.Assignment4@12e61fe6]" started-at="2020-09-17T15:57:41 IST" name="fillingRequiredFieldsTest" finished-at="2020-09-17T15:57:45 IST" duration-ms="4170" status="PASS">
          <reporter-output>
          </reporter-output>
        </test-method> <!-- fillingRequiredFieldsTest -->
        <test-method is-config="true" signature="closingDriver()[pri:0, instance:com.atmecs.assignments.Selenium.Assignment4@12e61fe6]" started-at="2020-09-17T15:57:45 IST" name="closingDriver" finished-at="2020-09-17T15:57:45 IST" duration-ms="606" status="PASS">
          <reporter-output>
          </reporter-output>
        </test-method> <!-- closingDriver -->
      </class> <!-- com.atmecs.assignments.Selenium.Assignment4 -->
    </test> <!-- Default test -->
  </suite> <!-- Default suite -->
</testng-results>
