<?xml version="1.0" encoding="UTF-8"?>
<testng-results ignored="0" total="2" passed="2" failed="0" skipped="0">
  <reporter-output>
  </reporter-output>
  <suite started-at="2020-09-16T10:56:03 IST" name="Default suite" finished-at="2020-09-16T10:57:02 IST" duration-ms="59627">
    <groups>
    </groups>
    <test started-at="2020-09-16T10:56:03 IST" name="Default test" finished-at="2020-09-16T10:57:02 IST" duration-ms="59627">
      <class name="com.atmecs.assignments.Selenium.Assignment3_Registration">
        <test-method is-config="true" signature="settingAndLaunchingDriver()[pri:0, instance:com.atmecs.assignments.Selenium.Assignment3_Registration@78aab498]" started-at="2020-09-16T10:56:03 IST" name="settingAndLaunchingDriver" finished-at="2020-09-16T10:56:47 IST" duration-ms="43986" status="PASS">
          <reporter-output>
          </reporter-output>
        </test-method> <!-- settingAndLaunchingDriver -->
        <test-method signature="registerationTest()[pri:1, instance:com.atmecs.assignments.Selenium.Assignment3_Registration@78aab498]" started-at="2020-09-16T10:56:47 IST" name="registerationTest" finished-at="2020-09-16T10:56:49 IST" duration-ms="1811" status="PASS">
          <reporter-output>
          </reporter-output>
        </test-method> <!-- registerationTest -->
        <test-method signature="windowsHandling()[pri:2, instance:com.atmecs.assignments.Selenium.Assignment3_Registration@78aab498]" started-at="2020-09-16T10:56:49 IST" name="windowsHandling" finished-at="2020-09-16T10:57:01 IST" duration-ms="12140" status="PASS">
          <reporter-output>
          </reporter-output>
        </test-method> <!-- windowsHandling -->
        <test-method is-config="true" signature="closingDriver()[pri:0, instance:com.atmecs.assignments.Selenium.Assignment3_Registration@78aab498]" started-at="2020-09-16T10:57:01 IST" name="closingDriver" finished-at="2020-09-16T10:57:02 IST" duration-ms="1648" status="PASS">
          <reporter-output>
          </reporter-output>
        </test-method> <!-- closingDriver -->
      </class> <!-- com.atmecs.assignments.Selenium.Assignment3_Registration -->
    </test> <!-- Default test -->
  </suite> <!-- Default suite -->
</testng-results>
