<?xml version="1.0" encoding="UTF-8"?>
<testng-results ignored="0" total="2" passed="2" failed="0" skipped="0">
  <reporter-output>
  </reporter-output>
  <suite started-at="2020-09-18T19:12:04 IST" name="Default suite" finished-at="2020-09-18T19:12:25 IST" duration-ms="21825">
    <groups>
    </groups>
    <test started-at="2020-09-18T19:12:04 IST" name="Default test" finished-at="2020-09-18T19:12:25 IST" duration-ms="21825">
      <class name="com.atmecs.automation.HandlingFramesUsingJavaScriptExecuter.HandlingFramesUsingJS">
        <test-method is-config="true" signature="settingAndLaunchingDriver()[pri:0, instance:com.atmecs.automation.HandlingFramesUsingJavaScriptExecuter.HandlingFramesUsingJS@12e61fe6]" started-at="2020-09-18T19:12:04 IST" name="settingAndLaunchingDriver" finished-at="2020-09-18T19:12:13 IST" duration-ms="9261" status="PASS">
          <reporter-output>
          </reporter-output>
        </test-method> <!-- settingAndLaunchingDriver -->
        <test-method signature="handlingFrameAndClickChatIconTest()[pri:1, instance:com.atmecs.automation.HandlingFramesUsingJavaScriptExecuter.HandlingFramesUsingJS@12e61fe6]" started-at="2020-09-18T19:12:13 IST" name="handlingFrameAndClickChatIconTest" finished-at="2020-09-18T19:12:20 IST" duration-ms="7135" status="PASS">
          <reporter-output>
          </reporter-output>
        </test-method> <!-- handlingFrameAndClickChatIconTest -->
        <test-method signature="fillingRequiredFieldsTest()[pri:2, instance:com.atmecs.automation.HandlingFramesUsingJavaScriptExecuter.HandlingFramesUsingJS@12e61fe6]" started-at="2020-09-18T19:12:20 IST" name="fillingRequiredFieldsTest" finished-at="2020-09-18T19:12:24 IST" duration-ms="4287" status="PASS">
          <reporter-output>
          </reporter-output>
        </test-method> <!-- fillingRequiredFieldsTest -->
        <test-method is-config="true" signature="closingDriver()[pri:0, instance:com.atmecs.automation.HandlingFramesUsingJavaScriptExecuter.HandlingFramesUsingJS@12e61fe6]" started-at="2020-09-18T19:12:24 IST" name="closingDriver" finished-at="2020-09-18T19:12:25 IST" duration-ms="1100" status="PASS">
          <reporter-output>
          </reporter-output>
        </test-method> <!-- closingDriver -->
      </class> <!-- com.atmecs.automation.HandlingFramesUsingJavaScriptExecuter.HandlingFramesUsingJS -->
    </test> <!-- Default test -->
  </suite> <!-- Default suite -->
</testng-results>
