<?xml version="1.0" encoding="UTF-8"?>
<testng-results ignored="0" total="2" passed="1" failed="1" skipped="0">
  <reporter-output>
  </reporter-output>
  <suite started-at="2020-09-18T18:54:47 IST" name="Suite" finished-at="2020-09-18T18:55:49 IST" duration-ms="62347">
    <groups>
    </groups>
    <test started-at="2020-09-18T18:54:47 IST" name="Test" finished-at="2020-09-18T18:55:49 IST" duration-ms="62347">
      <class name="com.atmecs.automation.HandlingFramesUsingJavaScriptExecuter.FillingRequiredFields">
        <test-method is-config="true" signature="settingAndLaunchingDriver()[pri:0, instance:com.atmecs.automation.HandlingFramesUsingJavaScriptExecuter.FillingRequiredFields@7ee955a8]" started-at="2020-09-18T18:54:47 IST" name="settingAndLaunchingDriver" finished-at="2020-09-18T18:54:56 IST" duration-ms="8951" status="PASS">
          <reporter-output>
          </reporter-output>
        </test-method> <!-- settingAndLaunchingDriver -->
        <test-method signature="fillingRequiredFieldsTest()[pri:2, instance:com.atmecs.automation.HandlingFramesUsingJavaScriptExecuter.FillingRequiredFields@7ee955a8]" started-at="2020-09-18T18:55:04 IST" name="fillingRequiredFieldsTest" finished-at="2020-09-18T18:55:47 IST" duration-ms="43581" status="FAIL">
          <exception class="org.openqa.selenium.NoSuchElementException">
            <message>
              <![CDATA[Cannot locate an element using id=name
For documentation on this error, please visit: https://www.seleniumhq.org/exceptions/no_such_element.html
Build info: version: '3.141.59', revision: 'e82be7d358', time: '2018-11-14T08:17:03'
System info: host: 'ATMECSINLT-601', ip: '192.168.163.1', os.name: 'Windows 10', os.arch: 'amd64', os.version: '10.0', java.version: '14.0.1'
Driver info: driver.version: RemoteWebDriver]]>
            </message>
            <full-stacktrace>
              <![CDATA[org.openqa.selenium.NoSuchElementException: Cannot locate an element using id=name
For documentation on this error, please visit: https://www.seleniumhq.org/exceptions/no_such_element.html
Build info: version: '3.141.59', revision: 'e82be7d358', time: '2018-11-14T08:17:03'
System info: host: 'ATMECSINLT-601', ip: '192.168.163.1', os.name: 'Windows 10', os.arch: 'amd64', os.version: '10.0', java.version: '14.0.1'
Driver info: driver.version: RemoteWebDriver
at org.openqa.selenium.remote.RemoteWebDriver.findElement(RemoteWebDriver.java:327)
at org.openqa.selenium.remote.RemoteWebDriver.findElementById(RemoteWebDriver.java:372)
at org.openqa.selenium.By$ById.findElement(By.java:188)
at org.openqa.selenium.remote.RemoteWebDriver.findElement(RemoteWebDriver.java:315)
at com.atmecs.automation.HandlingFramesUsingJavaScriptExecuter.FillingRequiredFields.fillingRequiredFieldsTest(FillingRequiredFields.java:42)
at java.base/jdk.internal.reflect.NativeMethodAccessorImpl.invoke0(Native Method)
at java.base/jdk.internal.reflect.NativeMethodAccessorImpl.invoke(NativeMethodAccessorImpl.java:62)
at java.base/jdk.internal.reflect.DelegatingMethodAccessorImpl.invoke(DelegatingMethodAccessorImpl.java:43)
at java.base/java.lang.reflect.Method.invoke(Method.java:564)
at org.testng.internal.MethodInvocationHelper.invokeMethod(MethodInvocationHelper.java:135)
at org.testng.internal.TestInvoker.invokeMethod(TestInvoker.java:598)
at org.testng.internal.TestInvoker.invokeTestMethod(TestInvoker.java:174)
at org.testng.internal.MethodRunner.runInSequence(MethodRunner.java:46)
at org.testng.internal.TestInvoker$MethodInvocationAgent.invoke(TestInvoker.java:821)
at org.testng.internal.TestInvoker.invokeTestMethods(TestInvoker.java:147)
at org.testng.internal.TestMethodWorker.invokeTestMethods(TestMethodWorker.java:146)
at org.testng.internal.TestMethodWorker.run(TestMethodWorker.java:128)
at java.base/java.util.ArrayList.forEach(ArrayList.java:1510)
at org.testng.TestRunner.privateRun(TestRunner.java:767)
at org.testng.TestRunner.run(TestRunner.java:588)
at org.testng.SuiteRunner.runTest(SuiteRunner.java:384)
at org.testng.SuiteRunner.runSequentially(SuiteRunner.java:378)
at org.testng.SuiteRunner.privateRun(SuiteRunner.java:337)
at org.testng.SuiteRunner.run(SuiteRunner.java:286)
at org.testng.SuiteRunnerWorker.runSuite(SuiteRunnerWorker.java:53)
at org.testng.SuiteRunnerWorker.run(SuiteRunnerWorker.java:96)
at org.testng.TestNG.runSuitesSequentially(TestNG.java:1214)
at org.testng.TestNG.runSuitesLocally(TestNG.java:1136)
at org.testng.TestNG.runSuites(TestNG.java:1066)
at org.testng.TestNG.run(TestNG.java:1034)
at org.testng.remote.AbstractRemoteTestNG.run(AbstractRemoteTestNG.java:115)
at org.testng.remote.RemoteTestNG.initAndRun(RemoteTestNG.java:251)
at org.testng.remote.RemoteTestNG.main(RemoteTestNG.java:77)
]]>
            </full-stacktrace>
          </exception> <!-- org.openqa.selenium.NoSuchElementException -->
          <reporter-output>
          </reporter-output>
        </test-method> <!-- fillingRequiredFieldsTest -->
        <test-method is-config="true" signature="closingDriver()[pri:0, instance:com.atmecs.automation.HandlingFramesUsingJavaScriptExecuter.FillingRequiredFields@7ee955a8]" started-at="2020-09-18T18:55:47 IST" name="closingDriver" finished-at="2020-09-18T18:55:48 IST" duration-ms="787" status="PASS">
          <reporter-output>
          </reporter-output>
        </test-method> <!-- closingDriver -->
      </class> <!-- com.atmecs.automation.HandlingFramesUsingJavaScriptExecuter.FillingRequiredFields -->
      <class name="com.atmecs.automation.HandlingFramesUsingJavaScriptExecuter.HandlingChatIconFrameUsingJS">
        <test-method is-config="true" signature="settingAndLaunchingDriver()[pri:0, instance:com.atmecs.automation.HandlingFramesUsingJavaScriptExecuter.HandlingChatIconFrameUsingJS@1677d1]" started-at="2020-09-18T18:54:56 IST" name="settingAndLaunchingDriver" finished-at="2020-09-18T18:55:04 IST" duration-ms="7754" status="PASS">
          <reporter-output>
          </reporter-output>
        </test-method> <!-- settingAndLaunchingDriver -->
        <test-method signature="handlingFrameAndClickChatIconTest()[pri:1, instance:com.atmecs.automation.HandlingFramesUsingJavaScriptExecuter.HandlingChatIconFrameUsingJS@1677d1]" started-at="2020-09-18T18:55:47 IST" name="handlingFrameAndClickChatIconTest" finished-at="2020-09-18T18:55:47 IST" duration-ms="227" status="PASS">
          <reporter-output>
          </reporter-output>
        </test-method> <!-- handlingFrameAndClickChatIconTest -->
        <test-method is-config="true" signature="closingDriver()[pri:0, instance:com.atmecs.automation.HandlingFramesUsingJavaScriptExecuter.HandlingChatIconFrameUsingJS@1677d1]" started-at="2020-09-18T18:55:48 IST" name="closingDriver" finished-at="2020-09-18T18:55:49 IST" duration-ms="990" status="PASS">
          <reporter-output>
          </reporter-output>
        </test-method> <!-- closingDriver -->
      </class> <!-- com.atmecs.automation.HandlingFramesUsingJavaScriptExecuter.HandlingChatIconFrameUsingJS -->
    </test> <!-- Test -->
  </suite> <!-- Suite -->
</testng-results>
