<?xml version="1.0" encoding="UTF-8"?>
<testng-results ignored="0" total="1" passed="1" failed="0" skipped="0">
  <reporter-output>
  </reporter-output>
  <suite started-at="2020-09-20T11:08:00 IST" name="Default suite" finished-at="2020-09-20T11:08:27 IST" duration-ms="27333">
    <groups>
    </groups>
    <test started-at="2020-09-20T11:08:00 IST" name="Default test" finished-at="2020-09-20T11:08:27 IST" duration-ms="27333">
      <class name="com.atmecs.automation.HandlingFramesUsingJavaScriptExecuter.HandlingFramesUsingJS">
        <test-method is-config="true" signature="settingAndLaunchingDriver()[pri:0, instance:com.atmecs.automation.HandlingFramesUsingJavaScriptExecuter.HandlingFramesUsingJS@7c469c48]" started-at="2020-09-20T11:08:00 IST" name="settingAndLaunchingDriver" finished-at="2020-09-20T11:08:10 IST" duration-ms="10123" status="PASS">
          <reporter-output>
          </reporter-output>
        </test-method> <!-- settingAndLaunchingDriver -->
        <test-method signature="handlingFrameAndClickChatIconTest()[pri:0, instance:com.atmecs.automation.HandlingFramesUsingJavaScriptExecuter.HandlingFramesUsingJS@7c469c48]" started-at="2020-09-20T11:08:10 IST" name="handlingFrameAndClickChatIconTest" finished-at="2020-09-20T11:08:26 IST" duration-ms="15613" status="PASS">
          <reporter-output>
          </reporter-output>
        </test-method> <!-- handlingFrameAndClickChatIconTest -->
        <test-method is-config="true" signature="closingDriver()[pri:0, instance:com.atmecs.automation.HandlingFramesUsingJavaScriptExecuter.HandlingFramesUsingJS@7c469c48]" started-at="2020-09-20T11:08:26 IST" name="closingDriver" finished-at="2020-09-20T11:08:27 IST" duration-ms="1497" status="PASS">
          <reporter-output>
          </reporter-output>
        </test-method> <!-- closingDriver -->
      </class> <!-- com.atmecs.automation.HandlingFramesUsingJavaScriptExecuter.HandlingFramesUsingJS -->
    </test> <!-- Default test -->
  </suite> <!-- Default suite -->
</testng-results>
