<?xml version="1.0" encoding="UTF-8"?>
<testng-results ignored="0" total="2" passed="2" failed="0" skipped="0">
  <reporter-output>
  </reporter-output>
  <suite started-at="2020-09-20T11:25:20 IST" name="Suite" finished-at="2020-09-20T11:26:23 IST" duration-ms="63253">
    <groups>
    </groups>
    <test started-at="2020-09-20T11:25:20 IST" name="Test" finished-at="2020-09-20T11:26:23 IST" duration-ms="63253">
      <class name="com.atmecs.automation.AutomatingTravelSite.LoginWindowHandling">
        <test-method is-config="true" signature="settingAndLaunchingDriver()[pri:0, instance:com.atmecs.automation.AutomatingTravelSite.LoginWindowHandling@1ffe63b9]" started-at="2020-09-20T11:25:20 IST" name="settingAndLaunchingDriver" finished-at="2020-09-20T11:25:33 IST" duration-ms="12973" status="PASS">
          <reporter-output>
          </reporter-output>
        </test-method> <!-- settingAndLaunchingDriver -->
        <test-method signature="handlingWindowTest()[pri:2, instance:com.atmecs.automation.AutomatingTravelSite.LoginWindowHandling@1ffe63b9]" started-at="2020-09-20T11:26:02 IST" name="handlingWindowTest" finished-at="2020-09-20T11:26:20 IST" duration-ms="18068" status="PASS">
          <reporter-output>
          </reporter-output>
        </test-method> <!-- handlingWindowTest -->
        <test-method is-config="true" signature="closingDriver()[pri:0, instance:com.atmecs.automation.AutomatingTravelSite.LoginWindowHandling@1ffe63b9]" started-at="2020-09-20T11:26:20 IST" name="closingDriver" finished-at="2020-09-20T11:26:22 IST" duration-ms="1406" status="PASS">
          <reporter-output>
          </reporter-output>
        </test-method> <!-- closingDriver -->
      </class> <!-- com.atmecs.automation.AutomatingTravelSite.LoginWindowHandling -->
      <class name="com.atmecs.automation.AutomatingTravelSite.SearchingFlights">
        <test-method is-config="true" signature="settingAndLaunchingDriver()[pri:0, instance:com.atmecs.automation.AutomatingTravelSite.SearchingFlights@5dd6264]" started-at="2020-09-20T11:25:33 IST" name="settingAndLaunchingDriver" finished-at="2020-09-20T11:25:43 IST" duration-ms="10760" status="PASS">
          <reporter-output>
          </reporter-output>
        </test-method> <!-- settingAndLaunchingDriver -->
        <test-method signature="twoWayTripSelectionTest()[pri:1, instance:com.atmecs.automation.AutomatingTravelSite.SearchingFlights@5dd6264]" started-at="2020-09-20T11:25:43 IST" name="twoWayTripSelectionTest" finished-at="2020-09-20T11:26:02 IST" duration-ms="18788" status="PASS">
          <reporter-output>
          </reporter-output>
        </test-method> <!-- twoWayTripSelectionTest -->
        <test-method is-config="true" signature="closingDriver()[pri:0, instance:com.atmecs.automation.AutomatingTravelSite.SearchingFlights@5dd6264]" started-at="2020-09-20T11:26:22 IST" name="closingDriver" finished-at="2020-09-20T11:26:23 IST" duration-ms="1207" status="PASS">
          <reporter-output>
          </reporter-output>
        </test-method> <!-- closingDriver -->
      </class> <!-- com.atmecs.automation.AutomatingTravelSite.SearchingFlights -->
    </test> <!-- Test -->
  </suite> <!-- Suite -->
</testng-results>
