<?xml version="1.0" encoding="UTF-8"?>
<testng-results ignored="0" total="3" passed="3" failed="0" skipped="0">
  <reporter-output>
  </reporter-output>
  <suite started-at="2020-09-10T19:50:38 IST" name="Default suite" finished-at="2020-09-10T19:50:48 IST" duration-ms="9992">
    <groups>
    </groups>
    <test started-at="2020-09-10T19:50:38 IST" name="Default test" finished-at="2020-09-10T19:50:48 IST" duration-ms="9992">
      <class name="com.atmecs.assignments.Selenium.Assignmant1">
        <test-method is-config="true" signature="beforeSuite()[pri:0, instance:com.atmecs.assignments.Selenium.Assignmant1@1e802ef9]" started-at="2020-09-10T19:50:38 IST" name="beforeSuite" finished-at="2020-09-10T19:50:38 IST" duration-ms="7" status="PASS">
          <reporter-output>
          </reporter-output>
        </test-method> <!-- beforeSuite -->
        <test-method is-config="true" signature="message()[pri:0, instance:com.atmecs.assignments.Selenium.Assignmant1@1e802ef9]" started-at="2020-09-10T19:50:38 IST" name="message" finished-at="2020-09-10T19:50:38 IST" duration-ms="0" status="PASS">
          <reporter-output>
          </reporter-output>
        </test-method> <!-- message -->
        <test-method is-config="true" signature="greeting()[pri:0, instance:com.atmecs.assignments.Selenium.Assignmant1@1e802ef9]" started-at="2020-09-10T19:50:38 IST" name="greeting" finished-at="2020-09-10T19:50:38 IST" duration-ms="0" status="PASS">
          <reporter-output>
          </reporter-output>
        </test-method> <!-- greeting -->
        <test-method is-config="true" signature="infoBeforeLaunching()[pri:0, instance:com.atmecs.assignments.Selenium.Assignmant1@1e802ef9]" started-at="2020-09-10T19:50:38 IST" name="infoBeforeLaunching" finished-at="2020-09-10T19:50:38 IST" duration-ms="0" status="PASS">
          <reporter-output>
          </reporter-output>
        </test-method> <!-- infoBeforeLaunching -->
        <test-method signature="settingAndLaunchingDriver()[pri:0, instance:com.atmecs.assignments.Selenium.Assignmant1@1e802ef9]" started-at="2020-09-10T19:50:38 IST" name="settingAndLaunchingDriver" finished-at="2020-09-10T19:50:43 IST" duration-ms="5568" status="PASS">
          <reporter-output>
          </reporter-output>
        </test-method> <!-- settingAndLaunchingDriver -->
        <test-method is-config="true" signature="infoAfterLaunching()[pri:0, instance:com.atmecs.assignments.Selenium.Assignmant1@1e802ef9]" started-at="2020-09-10T19:50:43 IST" name="infoAfterLaunching" finished-at="2020-09-10T19:50:43 IST" duration-ms="1" status="PASS">
          <reporter-output>
          </reporter-output>
        </test-method> <!-- infoAfterLaunching -->
        <test-method is-config="true" signature="infoBeforeLaunching()[pri:0, instance:com.atmecs.assignments.Selenium.Assignmant1@1e802ef9]" started-at="2020-09-10T19:50:43 IST" name="infoBeforeLaunching" finished-at="2020-09-10T19:50:43 IST" duration-ms="0" status="PASS">
          <reporter-output>
          </reporter-output>
        </test-method> <!-- infoBeforeLaunching -->
        <test-method signature="gettingAndValidatingUrl()[pri:1, instance:com.atmecs.assignments.Selenium.Assignmant1@1e802ef9]" started-at="2020-09-10T19:50:43 IST" name="gettingAndValidatingUrl" finished-at="2020-09-10T19:50:43 IST" duration-ms="17" status="PASS">
          <reporter-output>
          </reporter-output>
        </test-method> <!-- gettingAndValidatingUrl -->
        <test-method is-config="true" signature="infoAfterLaunching()[pri:0, instance:com.atmecs.assignments.Selenium.Assignmant1@1e802ef9]" started-at="2020-09-10T19:50:43 IST" name="infoAfterLaunching" finished-at="2020-09-10T19:50:43 IST" duration-ms="1" status="PASS">
          <reporter-output>
          </reporter-output>
        </test-method> <!-- infoAfterLaunching -->
        <test-method signature="gettingPageTitle()[pri:2, instance:com.atmecs.assignments.Selenium.Assignmant1@1e802ef9]" started-at="2020-09-10T19:50:43 IST" name="gettingPageTitle" finished-at="2020-09-10T19:50:43 IST" duration-ms="14" status="PASS">
          <reporter-output>
          </reporter-output>
        </test-method> <!-- gettingPageTitle -->
        <test-method is-config="true" signature="infoBeforeLaunching()[pri:0, instance:com.atmecs.assignments.Selenium.Assignmant1@1e802ef9]" started-at="2020-09-10T19:50:43 IST" name="infoBeforeLaunching" finished-at="2020-09-10T19:50:43 IST" duration-ms="0" status="PASS">
          <reporter-output>
          </reporter-output>
        </test-method> <!-- infoBeforeLaunching -->
        <test-method is-config="true" signature="infoAfterLaunching()[pri:0, instance:com.atmecs.assignments.Selenium.Assignmant1@1e802ef9]" started-at="2020-09-10T19:50:43 IST" name="infoAfterLaunching" finished-at="2020-09-10T19:50:43 IST" duration-ms="1" status="PASS">
          <reporter-output>
          </reporter-output>
        </test-method> <!-- infoAfterLaunching -->
        <test-method is-config="true" signature="greeting1()[pri:0, instance:com.atmecs.assignments.Selenium.Assignmant1@1e802ef9]" started-at="2020-09-10T19:50:43 IST" name="greeting1" finished-at="2020-09-10T19:50:43 IST" duration-ms="0" status="PASS">
          <reporter-output>
          </reporter-output>
        </test-method> <!-- greeting1 -->
        <test-method is-config="true" signature="closingDriver()[pri:0, instance:com.atmecs.assignments.Selenium.Assignmant1@1e802ef9]" started-at="2020-09-10T19:50:43 IST" name="closingDriver" description="Going to close the browser" finished-at="2020-09-10T19:50:48 IST" duration-ms="4341" status="PASS">
          <reporter-output>
          </reporter-output>
        </test-method> <!-- closingDriver -->
        <test-method is-config="true" signature="afterSuite()[pri:0, instance:com.atmecs.assignments.Selenium.Assignmant1@1e802ef9]" started-at="2020-09-10T19:50:48 IST" name="afterSuite" finished-at="2020-09-10T19:50:48 IST" duration-ms="1" status="PASS">
          <reporter-output>
          </reporter-output>
        </test-method> <!-- afterSuite -->
      </class> <!-- com.atmecs.assignments.Selenium.Assignmant1 -->
    </test> <!-- Default test -->
  </suite> <!-- Default suite -->
</testng-results>
