<?xml version="1.0" encoding="UTF-8"?>
<testng-results ignored="0" total="2" passed="2" failed="0" skipped="0">
  <reporter-output>
  </reporter-output>
  <suite started-at="2020-09-10T19:26:35 IST" name="Default suite" finished-at="2020-09-10T19:26:46 IST" duration-ms="11451">
    <groups>
    </groups>
    <test started-at="2020-09-10T19:26:35 IST" name="Default test" finished-at="2020-09-10T19:26:46 IST" duration-ms="11451">
      <class name="com.atmecs.assignments.Selenium.Assignmant1">
        <test-method is-config="true" signature="beforeSuite()[pri:0, instance:com.atmecs.assignments.Selenium.Assignmant1@7f010382]" started-at="2020-09-10T19:26:35 IST" name="beforeSuite" finished-at="2020-09-10T19:26:35 IST" duration-ms="9" status="PASS">
          <reporter-output>
          </reporter-output>
        </test-method> <!-- beforeSuite -->
        <test-method is-config="true" signature="message()[pri:0, instance:com.atmecs.assignments.Selenium.Assignmant1@7f010382]" started-at="2020-09-10T19:26:35 IST" name="message" finished-at="2020-09-10T19:26:35 IST" duration-ms="0" status="PASS">
          <reporter-output>
          </reporter-output>
        </test-method> <!-- message -->
        <test-method is-config="true" signature="greeting()[pri:0, instance:com.atmecs.assignments.Selenium.Assignmant1@7f010382]" started-at="2020-09-10T19:26:35 IST" name="greeting" finished-at="2020-09-10T19:26:35 IST" duration-ms="1" status="PASS">
          <reporter-output>
          </reporter-output>
        </test-method> <!-- greeting -->
        <test-method is-config="true" signature="infoBeforeLaunching()[pri:0, instance:com.atmecs.assignments.Selenium.Assignmant1@7f010382]" started-at="2020-09-10T19:26:35 IST" name="infoBeforeLaunching" finished-at="2020-09-10T19:26:35 IST" duration-ms="0" status="PASS">
          <reporter-output>
          </reporter-output>
        </test-method> <!-- infoBeforeLaunching -->
        <test-method signature="settingAndLaunchingDriver()[pri:0, instance:com.atmecs.assignments.Selenium.Assignmant1@7f010382]" started-at="2020-09-10T19:26:35 IST" name="settingAndLaunchingDriver" finished-at="2020-09-10T19:26:42 IST" duration-ms="7051" status="PASS">
          <reporter-output>
          </reporter-output>
        </test-method> <!-- settingAndLaunchingDriver -->
        <test-method is-config="true" signature="infoAfterLaunching()[pri:0, instance:com.atmecs.assignments.Selenium.Assignmant1@7f010382]" started-at="2020-09-10T19:26:42 IST" name="infoAfterLaunching" finished-at="2020-09-10T19:26:42 IST" duration-ms="1" status="PASS">
          <reporter-output>
          </reporter-output>
        </test-method> <!-- infoAfterLaunching -->
        <test-method is-config="true" signature="infoBeforeLaunching()[pri:0, instance:com.atmecs.assignments.Selenium.Assignmant1@7f010382]" started-at="2020-09-10T19:26:42 IST" name="infoBeforeLaunching" finished-at="2020-09-10T19:26:42 IST" duration-ms="0" status="PASS">
          <reporter-output>
          </reporter-output>
        </test-method> <!-- infoBeforeLaunching -->
        <test-method signature="validatingPage()[pri:0, instance:com.atmecs.assignments.Selenium.Assignmant1@7f010382]" started-at="2020-09-10T19:26:42 IST" name="validatingPage" finished-at="2020-09-10T19:26:42 IST" duration-ms="17" status="PASS">
          <reporter-output>
          </reporter-output>
        </test-method> <!-- validatingPage -->
        <test-method is-config="true" signature="infoAfterLaunching()[pri:0, instance:com.atmecs.assignments.Selenium.Assignmant1@7f010382]" started-at="2020-09-10T19:26:42 IST" name="infoAfterLaunching" finished-at="2020-09-10T19:26:42 IST" duration-ms="1" status="PASS">
          <reporter-output>
          </reporter-output>
        </test-method> <!-- infoAfterLaunching -->
        <test-method is-config="true" signature="greeting1()[pri:0, instance:com.atmecs.assignments.Selenium.Assignmant1@7f010382]" started-at="2020-09-10T19:26:42 IST" name="greeting1" finished-at="2020-09-10T19:26:42 IST" duration-ms="0" status="PASS">
          <reporter-output>
          </reporter-output>
        </test-method> <!-- greeting1 -->
        <test-method is-config="true" signature="closingDriver()[pri:0, instance:com.atmecs.assignments.Selenium.Assignmant1@7f010382]" started-at="2020-09-10T19:26:42 IST" name="closingDriver" description="Going to close the browser" finished-at="2020-09-10T19:26:46 IST" duration-ms="4333" status="PASS">
          <reporter-output>
          </reporter-output>
        </test-method> <!-- closingDriver -->
        <test-method is-config="true" signature="afterSuite()[pri:0, instance:com.atmecs.assignments.Selenium.Assignmant1@7f010382]" started-at="2020-09-10T19:26:46 IST" name="afterSuite" finished-at="2020-09-10T19:26:46 IST" duration-ms="0" status="PASS">
          <reporter-output>
          </reporter-output>
        </test-method> <!-- afterSuite -->
      </class> <!-- com.atmecs.assignments.Selenium.Assignmant1 -->
    </test> <!-- Default test -->
  </suite> <!-- Default suite -->
</testng-results>
