<?xml version="1.0" encoding="UTF-8"?>
<testng-results ignored="0" total="4" passed="4" failed="0" skipped="0">
  <reporter-output>
  </reporter-output>
  <suite started-at="2020-09-18T16:24:16 IST" name="Default suite" finished-at="2020-09-18T16:24:42 IST" duration-ms="26432">
    <groups>
    </groups>
    <test started-at="2020-09-18T16:24:16 IST" name="Default test" finished-at="2020-09-18T16:24:42 IST" duration-ms="26432">
      <class name="com.atmecs.automation.travelSiteAutomation.Assignment2">
        <test-method is-config="true" signature="settingAndLaunchingDriver()[pri:0, instance:com.atmecs.automation.travelSiteAutomation.Assignment2@51e5fc98]" started-at="2020-09-18T16:24:16 IST" name="settingAndLaunchingDriver" finished-at="2020-09-18T16:24:24 IST" duration-ms="8493" status="PASS">
          <reporter-output>
          </reporter-output>
        </test-method> <!-- settingAndLaunchingDriver -->
        <test-method signature="signUpTest()[pri:1, instance:com.atmecs.automation.travelSiteAutomation.Assignment2@51e5fc98]" started-at="2020-09-18T16:24:24 IST" name="signUpTest" finished-at="2020-09-18T16:24:28 IST" duration-ms="3425" status="PASS">
          <reporter-output>
          </reporter-output>
        </test-method> <!-- signUpTest -->
        <test-method signature="logInTest()[pri:2, instance:com.atmecs.automation.travelSiteAutomation.Assignment2@51e5fc98]" started-at="2020-09-18T16:24:28 IST" name="logInTest" finished-at="2020-09-18T16:24:30 IST" duration-ms="2405" status="PASS">
          <reporter-output>
          </reporter-output>
        </test-method> <!-- logInTest -->
        <test-method signature="selectAndAddToCartProduct()[pri:3, instance:com.atmecs.automation.travelSiteAutomation.Assignment2@51e5fc98]" started-at="2020-09-18T16:24:30 IST" name="selectAndAddToCartProduct" finished-at="2020-09-18T16:24:40 IST" duration-ms="9341" status="PASS">
          <reporter-output>
          </reporter-output>
        </test-method> <!-- selectAndAddToCartProduct -->
        <test-method signature="contactUsScript()[pri:4, instance:com.atmecs.automation.travelSiteAutomation.Assignment2@51e5fc98]" started-at="2020-09-18T16:24:40 IST" name="contactUsScript" finished-at="2020-09-18T16:24:42 IST" duration-ms="2553" status="PASS">
          <reporter-output>
          </reporter-output>
        </test-method> <!-- contactUsScript -->
        <test-method is-config="true" signature="closeDriver()[pri:0, instance:com.atmecs.automation.travelSiteAutomation.Assignment2@51e5fc98]" started-at="2020-09-18T16:24:42 IST" name="closeDriver" finished-at="2020-09-18T16:24:42 IST" duration-ms="178" status="PASS">
          <reporter-output>
          </reporter-output>
        </test-method> <!-- closeDriver -->
      </class> <!-- com.atmecs.automation.travelSiteAutomation.Assignment2 -->
    </test> <!-- Default test -->
  </suite> <!-- Default suite -->
</testng-results>
