<?xml version="1.0" encoding="UTF-8"?>
<testng-results ignored="0" total="1" passed="1" failed="0" skipped="0">
  <reporter-output>
  </reporter-output>
  <suite started-at="2020-09-16T22:20:30 IST" name="Default suite" finished-at="2020-09-16T22:20:47 IST" duration-ms="17398">
    <groups>
    </groups>
    <test started-at="2020-09-16T22:20:30 IST" name="Default test" finished-at="2020-09-16T22:20:47 IST" duration-ms="17398">
      <class name="com.atmecs.assignments.Selenium.Assignment4">
        <test-method is-config="true" signature="settingAndLaunchingDriver()[pri:0, instance:com.atmecs.assignments.Selenium.Assignment4@6193932a]" started-at="2020-09-16T22:20:30 IST" name="settingAndLaunchingDriver" finished-at="2020-09-16T22:20:40 IST" duration-ms="9801" status="PASS">
          <reporter-output>
          </reporter-output>
        </test-method> <!-- settingAndLaunchingDriver -->
        <test-method signature="chatBoxTest()[pri:0, instance:com.atmecs.assignments.Selenium.Assignment4@6193932a]" started-at="2020-09-16T22:20:40 IST" name="chatBoxTest" finished-at="2020-09-16T22:20:47 IST" duration-ms="7549" status="PASS">
          <reporter-output>
          </reporter-output>
        </test-method> <!-- chatBoxTest -->
      </class> <!-- com.atmecs.assignments.Selenium.Assignment4 -->
    </test> <!-- Default test -->
  </suite> <!-- Default suite -->
</testng-results>
