<?xml version="1.0" encoding="UTF-8"?>
<testng-results ignored="0" total="2" passed="2" failed="0" skipped="0">
  <reporter-output>
  </reporter-output>
  <suite started-at="2020-09-16T19:33:03 IST" name="Default suite" finished-at="2020-09-16T19:33:55 IST" duration-ms="51701">
    <groups>
    </groups>
    <test started-at="2020-09-16T19:33:03 IST" name="Default test" finished-at="2020-09-16T19:33:55 IST" duration-ms="51701">
      <class name="com.atmecs.assignments.Selenium.Assignment3_Travel">
        <test-method is-config="true" signature="settingAndLaunchingDriver()[pri:0, instance:com.atmecs.assignments.Selenium.Assignment3_Travel@78aab498]" started-at="2020-09-16T19:33:03 IST" name="settingAndLaunchingDriver" finished-at="2020-09-16T19:33:15 IST" duration-ms="12252" status="PASS">
          <reporter-output>
          </reporter-output>
        </test-method> <!-- settingAndLaunchingDriver -->
        <test-method signature="twoWayTripSelectionTest()[pri:0, instance:com.atmecs.assignments.Selenium.Assignment3_Travel@78aab498]" started-at="2020-09-16T19:33:15 IST" name="twoWayTripSelectionTest" finished-at="2020-09-16T19:33:35 IST" duration-ms="19467" status="PASS">
          <reporter-output>
          </reporter-output>
        </test-method> <!-- twoWayTripSelectionTest -->
        <test-method signature="handlingWindowTest()[pri:1, instance:com.atmecs.assignments.Selenium.Assignment3_Travel@78aab498]" started-at="2020-09-16T19:33:35 IST" name="handlingWindowTest" finished-at="2020-09-16T19:33:53 IST" duration-ms="18654" status="PASS">
          <reporter-output>
          </reporter-output>
        </test-method> <!-- handlingWindowTest -->
        <test-method is-config="true" signature="closingDriver()[pri:0, instance:com.atmecs.assignments.Selenium.Assignment3_Travel@78aab498]" started-at="2020-09-16T19:33:53 IST" name="closingDriver" finished-at="2020-09-16T19:33:55 IST" duration-ms="1287" status="PASS">
          <reporter-output>
          </reporter-output>
        </test-method> <!-- closingDriver -->
      </class> <!-- com.atmecs.assignments.Selenium.Assignment3_Travel -->
    </test> <!-- Default test -->
  </suite> <!-- Default suite -->
</testng-results>
