<?xml version="1.0" encoding="UTF-8"?>
<testng-results ignored="0" total="2" passed="2" failed="0" skipped="0">
  <reporter-output>
  </reporter-output>
  <suite started-at="2020-09-16T11:35:06 IST" name="Default suite" finished-at="2020-09-16T11:36:26 IST" duration-ms="80105">
    <groups>
    </groups>
    <test started-at="2020-09-16T11:35:06 IST" name="Default test" finished-at="2020-09-16T11:36:26 IST" duration-ms="80105">
      <class name="com.atmecs.assignments.Selenium.Assignment3_Registration">
        <test-method is-config="true" signature="settingAndLaunchingDriver()[pri:0, instance:com.atmecs.assignments.Selenium.Assignment3_Registration@78aab498]" started-at="2020-09-16T11:35:06 IST" name="settingAndLaunchingDriver" finished-at="2020-09-16T11:36:08 IST" duration-ms="61672" status="PASS">
          <reporter-output>
          </reporter-output>
        </test-method> <!-- settingAndLaunchingDriver -->
        <test-method signature="registerationTest()[pri:1, instance:com.atmecs.assignments.Selenium.Assignment3_Registration@78aab498]" started-at="2020-09-16T11:36:08 IST" name="registerationTest" finished-at="2020-09-16T11:36:10 IST" duration-ms="1965" status="PASS">
          <reporter-output>
          </reporter-output>
        </test-method> <!-- registerationTest -->
        <test-method signature="windowsHandling()[pri:2, instance:com.atmecs.assignments.Selenium.Assignment3_Registration@78aab498]" started-at="2020-09-16T11:36:10 IST" name="windowsHandling" finished-at="2020-09-16T11:36:25 IST" duration-ms="14762" status="PASS">
          <reporter-output>
          </reporter-output>
        </test-method> <!-- windowsHandling -->
        <test-method is-config="true" signature="closingDriver()[pri:0, instance:com.atmecs.assignments.Selenium.Assignment3_Registration@78aab498]" started-at="2020-09-16T11:36:25 IST" name="closingDriver" finished-at="2020-09-16T11:36:26 IST" duration-ms="1670" status="PASS">
          <reporter-output>
          </reporter-output>
        </test-method> <!-- closingDriver -->
      </class> <!-- com.atmecs.assignments.Selenium.Assignment3_Registration -->
    </test> <!-- Default test -->
  </suite> <!-- Default suite -->
</testng-results>
