<?xml version="1.0" encoding="UTF-8"?>
<testng-results ignored="0" total="2" passed="2" failed="0" skipped="0">
  <reporter-output>
  </reporter-output>
  <suite started-at="2020-09-18T10:34:55 IST" name="Default suite" finished-at="2020-09-18T10:35:20 IST" duration-ms="25229">
    <groups>
    </groups>
    <test started-at="2020-09-18T10:34:55 IST" name="Default test" finished-at="2020-09-18T10:35:20 IST" duration-ms="25229">
      <class name="com.atmecs.assignments.Selenium.LocatorTest">
        <test-method is-config="true" signature="settingAndLaunchingDriver()[pri:0, instance:com.atmecs.assignments.Selenium.LocatorTest@7ee955a8]" started-at="2020-09-18T10:34:55 IST" name="settingAndLaunchingDriver" finished-at="2020-09-18T10:35:07 IST" duration-ms="11642" status="PASS">
          <reporter-output>
          </reporter-output>
        </test-method> <!-- settingAndLaunchingDriver -->
        <test-method signature="handlingFrameAndClickChatIconTest()[pri:1, instance:com.atmecs.assignments.Selenium.LocatorTest@7ee955a8]" started-at="2020-09-18T10:35:07 IST" name="handlingFrameAndClickChatIconTest" finished-at="2020-09-18T10:35:13 IST" duration-ms="6308" status="PASS">
          <reporter-output>
          </reporter-output>
        </test-method> <!-- handlingFrameAndClickChatIconTest -->
        <test-method signature="fillingRequiredFieldsTest()[pri:2, instance:com.atmecs.assignments.Selenium.LocatorTest@7ee955a8]" started-at="2020-09-18T10:35:13 IST" name="fillingRequiredFieldsTest" finished-at="2020-09-18T10:35:19 IST" duration-ms="6169" status="PASS">
          <reporter-output>
          </reporter-output>
        </test-method> <!-- fillingRequiredFieldsTest -->
        <test-method is-config="true" signature="closingDriver()[pri:0, instance:com.atmecs.assignments.Selenium.LocatorTest@7ee955a8]" started-at="2020-09-18T10:35:19 IST" name="closingDriver" finished-at="2020-09-18T10:35:20 IST" duration-ms="1066" status="PASS">
          <reporter-output>
          </reporter-output>
        </test-method> <!-- closingDriver -->
      </class> <!-- com.atmecs.assignments.Selenium.LocatorTest -->
    </test> <!-- Default test -->
  </suite> <!-- Default suite -->
</testng-results>
